<?xml version="1.0" encoding="UTF-8"?>
<!-- Generated by org.testng.reporters.JUnitReportReporter -->
<testsuite hostname="DESKTOP-TTC630B" failures="0" tests="9" name="testCases.LoginTestAutoPage" time="16.931" errors="0" timestamp="2023-12-18T17:30:10 CST" skipped="0">
  <testcase classname="testCases.LoginTestAutoPage" name="homePageShouldBeLoaded" time="0.043"/>
  <testcase classname="testCases.LoginTestAutoPage" name="signupFormShouldBeFilledOut" time="4.680"/>
  <testcase classname="testCases.LoginTestAutoPage" name="signupBtnShouldBeClicked" time="0.986"/>
  <testcase classname="testCases.LoginTestAutoPage" name="radioButtonShouldBeClicked" time="0.033"/>
  <testcase classname="testCases.LoginTestAutoPage" name="signUpShouldBeFilledOut" time="5.117"/>
  <testcase classname="testCases.LoginTestAutoPage" name="signUpShouldBeSubmitted" time="1.044"/>
  <testcase classname="testCases.LoginTestAutoPage" name="accountShouldBeCreated" time="0.019"/>
  <testcase classname="testCases.LoginTestAutoPage" name="continueBtnShouldBeClicked" time="1.341"/>
  <testcase classname="testCases.LoginTestAutoPage" name="accountShouldBeDeleted" time="3.668"/>
</testsuite> <!-- testCases.LoginTestAutoPage -->
