<?xml version="1.0" encoding="UTF-8"?>
<!-- Generated by org.testng.reporters.JUnitReportReporter -->
<testsuite hostname="DESKTOP-TTC630B" failures="0" tests="4" name="testCases.PlaceOrderE2E" time="8.403" errors="0" timestamp="2023-12-18T18:52:08 CST" skipped="0">
  <testcase classname="testCases.PlaceOrderE2E" name="homeShouldBeLoaded" time="0.021"/>
  <testcase classname="testCases.PlaceOrderE2E" name="loginBtnShouldBeClicked" time="0.375"/>
  <testcase classname="testCases.PlaceOrderE2E" name="loginShouldBeSuccessful" time="3.114"/>
  <testcase classname="testCases.PlaceOrderE2E" name="addProductToCart" time="4.893"/>
</testsuite> <!-- testCases.PlaceOrderE2E -->
