<?xml version="1.0" encoding="UTF-8"?>
<!-- Generated by org.testng.reporters.JUnitReportReporter -->
<testsuite hostname="DESKTOP-TTC630B" failures="0" tests="9" name="testCases.LoginTestAutoPage" time="15.451" errors="0" timestamp="2023-12-10T19:37:25 CST" skipped="0">
  <testcase classname="testCases.LoginTestAutoPage" name="homePageShouldBeLoaded" time="0.039"/>
  <testcase classname="testCases.LoginTestAutoPage" name="signupFormShouldBeFilledOut" time="4.447"/>
  <testcase classname="testCases.LoginTestAutoPage" name="signupBtnShouldBeClicked" time="0.408"/>
  <testcase classname="testCases.LoginTestAutoPage" name="radioButtonShouldBeClicked" time="0.032"/>
  <testcase classname="testCases.LoginTestAutoPage" name="signUpShouldBeFilledOut" time="4.953"/>
  <testcase classname="testCases.LoginTestAutoPage" name="signUpShouldBeSubmitted" time="0.795"/>
  <testcase classname="testCases.LoginTestAutoPage" name="accountShouldBeCreated" time="0.015"/>
  <testcase classname="testCases.LoginTestAutoPage" name="continueBtnShouldBeClicked" time="1.306"/>
  <testcase classname="testCases.LoginTestAutoPage" name="accountShouldBeDeleted" time="3.456"/>
</testsuite> <!-- testCases.LoginTestAutoPage -->
