<?xml version="1.0" encoding="UTF-8"?>
<!-- Generated by org.testng.reporters.JUnitReportReporter -->
<testsuite hostname="DESKTOP-TTC630B" failures="0" tests="1" name="day34.FirstTest" time="0.005" errors="0" timestamp="2023-11-22T21:46:56 CST" skipped="0">
  <testcase classname="day34.FirstTest" name="f" time="0.005"/>
</testsuite> <!-- day34.FirstTest -->
