<?xml version="1.0" encoding="UTF-8"?>
<!-- Generated by org.testng.reporters.JUnitReportReporter -->
<testsuite hostname="DESKTOP-TTC630B" failures="0" tests="7" name="testCases.PlaceOrderE2E" time="25.256" errors="0" timestamp="2023-12-18T22:13:25 CST" skipped="0">
  <testcase classname="testCases.PlaceOrderE2E" name="homeShouldBeLoaded" time="0.169"/>
  <testcase classname="testCases.PlaceOrderE2E" name="loginBtnShouldBeClicked" time="0.622"/>
  <testcase classname="testCases.PlaceOrderE2E" name="loginShouldBeSuccessful" time="4.940"/>
  <testcase classname="testCases.PlaceOrderE2E" name="addProductToCart" time="5.325"/>
  <testcase classname="testCases.PlaceOrderE2E" name="proceedToCheckout" time="8.923"/>
  <testcase classname="testCases.PlaceOrderE2E" name="payAndConfirmOrder" time="2.093"/>
  <testcase classname="testCases.PlaceOrderE2E" name="invoiceShouldBeDownload" time="3.184"/>
</testsuite> <!-- testCases.PlaceOrderE2E -->
